# Logfile created on 2018-12-18 18:18:07 +0100 by logger.rb/61378
::1 - - [18/Dec/2018:18:18:08 +0100] "GET /quotes HTTP/1.1" 200 - 0.0018
::1 - - [18/Dec/2018:18:33:23 +0100] "GET /quotes/show?character=brett HTTP/1.1" 200 - 0.0234
::1 - - [18/Dec/2018:18:35:36 +0100] "GET /quotes/show?character=brett HTTP/1.1" 200 - 0.0010
::1 - - [18/Dec/2018:18:50:07 +0100] "GET /quotes/like?id=5 HTTP/1.1" 404 - 0.0217
::1 - - [18/Dec/2018:18:50:31 +0100] "POST /quotes/like?id=5 HTTP/1.1" 200 - 0.0615
::1 - - [18/Dec/2018:19:00:28 +0100] "POST /quotes/like?id=5 HTTP/1.1" 404 - 0.0232
::1 - - [18/Dec/2018:19:00:48 +0100] "POST /v1/quotes/like?id=5 HTTP/1.1" 200 - 0.0002
::1 - - [18/Dec/2018:19:01:19 +0100] "GET /v1/quotes/show?character=brett HTTP/1.1" 200 - 0.0002
::1 - - [18/Dec/2018:19:06:42 +0100] "GET /v1/quotes/show?character=brett HTTP/1.1" 200 - 0.0002
::1 - - [18/Dec/2018:19:06:44 +0100] "POST /v1/quotes/like?id=5 HTTP/1.1" 200 - 0.0002
::1 - - [18/Dec/2018:19:15:00 +0100] "GET /v1/quotes/show?character=brett HTTP/1.1" 200 - 0.0002
::1 - - [18/Dec/2018:19:22:16 +0100] "GET /v1/quotes/show?character=brett HTTP/1.1" 200 - 0.0010
::1 - - [18/Dec/2018:19:22:30 +0100] "POST /v1/quotes/like?id=5 HTTP/1.1" 299 - 0.0474
::1 - - [18/Dec/2018:19:23:53 +0100] "POST /v1/quotes/like?id=5 HTTP/1.1" 299 - 0.0080
::1 - - [18/Dec/2018:19:25:57 +0100] "POST /v1/quotes/like?id=5 HTTP/1.1" 299 - 0.0075
::1 - - [18/Dec/2018:19:25:59 +0100] "GET /v1/quotes/show?character=brett HTTP/1.1" 200 - 0.0009
::1 - - [18/Dec/2018:19:29:43 +0100] "GET /v1/quotes/show?character=brett HTTP/1.1" 200 - 0.0012
::1 - - [18/Dec/2018:19:29:45 +0100] "POST /v1/quotes/like?id=5 HTTP/1.1" 299 - 0.0448
::1 - - [18/Dec/2018:19:34:25 +0100] "POST /v1/quota HTTP/1.1" 404 - 0.0003
::1 - - [18/Dec/2018:19:39:57 +0100] "GET /v1/quotes/show?character=brett HTTP/1.1" 500 - 0.0004
::1 - - [18/Dec/2018:19:46:58 +0100] "GET /v1/test HTTP/1.1" 200 - 0.0004
::1 - - [18/Dec/2018:19:47:13 +0100] "GET /v1/test HTTP/1.1" 200 - 0.0003
